<?xml version="1.0" encoding="UTF-8"?>
<!-- Generated by org.testng.reporters.JUnitXMLReporter -->
<testsuite hostname="Allianz-3079" ignored="0" name="Default test" tests="3" failures="0" timestamp="2020-10-04T18:51:02 IST" time="19.252" errors="0">
  <testcase name="TC_01_Verify_that_user_is_able_to_search_flights" time="1.975" classname="tests.AutomationTest1"/>
  <testcase name="TC_02_Verify_that_user_is_able_to_select_a_flight_for_booking" time="2.266" classname="tests.AutomationTest1"/>
  <testcase name="TC_03_Verify_that_user_is_able_to_book_a_flight" time="7.998" classname="tests.AutomationTest1"/>
</testsuite> <!-- Default test -->
